<?xml version="1.0" encoding="UTF-8"?>
<TestRun id="cc3d33e3-d582-4568-8fa0-caf78cebaf29" name="Ray@RAY-PC 2010-02-28 00:51:56" runUser="Ray-PC\Ray" xmlns="http://microsoft.com/schemas/VisualStudio/TeamTest/2006">
  <TestRunConfiguration name="Local Test Run" id="3b7a2286-d208-4b2c-ac8b-459f6eb4baaf">
    <Description>This is a default test run configuration for a local test run.</Description>
    <Deployment userDeploymentRoot="D:\projects\StibkampApps\TestResults" useDefaultDeploymentRoot="false" runDeploymentRoot="D:\projects\StibkampApps\TestResults\Ray_RAY-PC 2010-02-28 00_51_56">
      <DeploymentItem filename="D:\projects\StibkampApps\form\bin\form.dll" />
    </Deployment>
    <TestTypeSpecific />
  </TestRunConfiguration>
  <ResultSummary outcome="Completed">
    <Counters total="1" executed="1" passed="1" error="0" failed="0" timeout="0" aborted="0" inconclusive="0" passedButRunAborted="0" notRunnable="0" notExecuted="0" disconnected="0" warning="0" completed="0" inProgress="0" pending="0" />
  </ResultSummary>
  <Times creation="2010-02-28T00:51:56.2284677+01:00" queuing="2010-02-28T00:52:09.0652019+01:00" start="2010-02-28T00:52:09.3822201+01:00" finish="2010-02-28T00:52:11.2613275+01:00" />
  <TestDefinitions>
    <UnitTest name="TestMethod1" storage="d:\projects\stibkampapps\stibkamptest\bin\debug\stibkamptest.dll" id="6ebc45c2-900b-8546-5320-a9f69388bee7">
      <Css projectStructure="" iteration="" />
      <Owners>
        <Owner name="" />
      </Owners>
      <Execution id="b01b3dda-f498-4e6e-aced-b81c49a8059f" />
      <TestMethod codeBase="D:\projects\StibkampApps\StibkampTest\bin\Debug\StibkampTest.dll" adapterTypeName="Microsoft.VisualStudio.TestTools.TestTypes.Unit.UnitTestAdapter, Microsoft.VisualStudio.QualityTools.Tips.UnitTest.Adapter, Version=9.0.0.0, Culture=neutral, PublicKeyToken=b03f5f7f11d50a3a" className="StibkampTest.UnitTest1, StibkampTest" name="TestMethod1" />
    </UnitTest>
  </TestDefinitions>
  <TestLists>
    <TestList name="Results Not in a List" id="8c84fa94-04c1-424b-9868-57a2d4851a1d" />
    <TestList name="All Loaded Results" id="19431567-8539-422a-85d7-44ee4e166bda" />
  </TestLists>
  <TestEntries>
    <TestEntry testId="6ebc45c2-900b-8546-5320-a9f69388bee7" executionId="b01b3dda-f498-4e6e-aced-b81c49a8059f" testListId="8c84fa94-04c1-424b-9868-57a2d4851a1d" />
  </TestEntries>
  <Results>
    <UnitTestResult executionId="b01b3dda-f498-4e6e-aced-b81c49a8059f" testId="6ebc45c2-900b-8546-5320-a9f69388bee7" testName="TestMethod1" computerName="RAY-PC" duration="00:00:00.0137542" startTime="2010-02-28T00:52:09.6582359+01:00" endTime="2010-02-28T00:52:10.5882891+01:00" testType="13cdc9d9-ddb5-4fa4-a97d-d965ccfc6d4b" outcome="Passed" testListId="8c84fa94-04c1-424b-9868-57a2d4851a1d">
      <Output>
      </Output>
    </UnitTestResult>
  </Results>
</TestRun>